2023-01-24 20:32:40,987 INFO o.s.b.StartupInfoLogger [main] Starting IpStackWebApiApplication using Java 17.0.6 with PID 34920 (C:\Users\Wiktoria\Documents\JAVA\JAZ\JavaProject\IpStack\IpStack-web-api\target\classes started by Wiktoria in C:\Users\Wiktoria\Documents\JAVA\JAZ\JavaProject\IpStack)
2023-01-24 20:32:40,999 INFO o.s.b.SpringApplication [main] No active profile set, falling back to 1 default profile: "default"
2023-01-24 20:32:41,850 INFO o.s.d.r.c.RepositoryConfigurationDelegate [main] Bootstrapping Spring Data JPA repositories in DEFAULT mode.
2023-01-24 20:32:41,930 INFO o.s.d.r.c.RepositoryConfigurationDelegate [main] Finished Spring Data repository scanning in 69 ms. Found 3 JPA repository interfaces.
2023-01-24 20:32:42,615 INFO o.s.b.w.e.t.TomcatWebServer [main] Tomcat initialized with port(s): 8081 (http)
2023-01-24 20:32:42,634 INFO o.a.j.l.DirectJDKLog [main] Initializing ProtocolHandler ["http-nio-8081"]
2023-01-24 20:32:42,635 INFO o.a.j.l.DirectJDKLog [main] Starting service [Tomcat]
2023-01-24 20:32:42,635 INFO o.a.j.l.DirectJDKLog [main] Starting Servlet engine: [Apache Tomcat/10.1.4]
2023-01-24 20:32:42,774 INFO o.a.j.l.DirectJDKLog [main] Initializing Spring embedded WebApplicationContext
2023-01-24 20:32:42,774 INFO o.s.b.w.s.c.ServletWebServerApplicationContext [main] Root WebApplicationContext: initialization completed in 1724 ms
2023-01-24 20:32:42,984 INFO o.h.j.i.u.LogHelper [main] HHH000204: Processing PersistenceUnitInfo [name: default]
2023-01-24 20:32:43,103 INFO o.h.Version [main] HHH000412: Hibernate ORM core version 6.1.6.Final
2023-01-24 20:32:43,349 WARN o.h.b.i.MetadataBuilderImpl$MetadataBuildingOptionsImpl [main] HHH90000021: Encountered deprecated setting [javax.persistence.sharedCache.mode], use [jakarta.persistence.sharedCache.mode] instead
2023-01-24 20:32:43,547 INFO c.z.h.HikariDataSource [main] HikariPool-1 - Starting...
2023-01-24 20:32:44,042 INFO c.z.h.p.HikariPool [main] HikariPool-1 - Added connection com.mysql.cj.jdbc.ConnectionImpl@a0d875d
2023-01-24 20:32:44,045 INFO c.z.h.HikariDataSource [main] HikariPool-1 - Start completed.
2023-01-24 20:32:44,128 INFO o.h.e.j.d.i.DialectFactoryImpl [main] HHH000400: Using dialect: org.hibernate.dialect.MySQLDialect
2023-01-24 20:32:45,573 INFO o.h.e.t.j.p.i.JtaPlatformInitiator [main] HHH000490: Using JtaPlatform implementation: [org.hibernate.engine.transaction.jta.platform.internal.NoJtaPlatform]
2023-01-24 20:32:45,587 INFO o.s.o.j.AbstractEntityManagerFactoryBean [main] Initialized JPA EntityManagerFactory for persistence unit 'default'
2023-01-24 20:32:45,999 WARN o.s.b.a.o.j.JpaBaseConfiguration$JpaWebConfiguration [main] spring.jpa.open-in-view is enabled by default. Therefore, database queries may be performed during view rendering. Explicitly configure spring.jpa.open-in-view to disable this warning
2023-01-24 20:32:46,420 INFO o.a.j.l.DirectJDKLog [main] Starting ProtocolHandler ["http-nio-8081"]
2023-01-24 20:32:46,451 INFO o.s.b.w.e.t.TomcatWebServer [main] Tomcat started on port(s): 8081 (http) with context path ''
2023-01-24 20:32:46,460 INFO o.s.b.StartupInfoLogger [main] Started IpStackWebApiApplication in 5.947 seconds (process running for 7.324)
2023-01-24 20:33:43,765 INFO o.a.j.l.DirectJDKLog [http-nio-8081-exec-1] Initializing Spring DispatcherServlet 'dispatcherServlet'
2023-01-24 20:33:43,770 INFO o.s.w.s.FrameworkServlet [http-nio-8081-exec-1] Initializing Servlet 'dispatcherServlet'
2023-01-24 20:33:43,772 INFO o.s.w.s.FrameworkServlet [http-nio-8081-exec-1] Completed initialization in 0 ms
2023-01-24 20:33:43,809 WARN c.e.i.c.IpGeolocationController [http-nio-8081-exec-1] Exposing all data
2023-01-24 20:34:07,152 INFO o.s.o.j.AbstractEntityManagerFactoryBean [SpringApplicationShutdownHook] Closing JPA EntityManagerFactory for persistence unit 'default'
2023-01-24 20:34:07,155 INFO c.z.h.HikariDataSource [SpringApplicationShutdownHook] HikariPool-1 - Shutdown initiated...
2023-01-24 20:34:07,162 INFO c.z.h.HikariDataSource [SpringApplicationShutdownHook] HikariPool-1 - Shutdown completed.
